Removed Pin From Net: NetName=NetD2_1 Pin=U3-5
Removed Pin From Net: NetName=NetD2_1 Pin=U3-6
Removed Pin From Net: NetName=NetD4_1 Pin=U3-7
Removed Pin From Net: NetName=NetD4_1 Pin=U3-8
Removed Pin From Net: NetName=NetR13_2 Pin=U3-9
Removed Pin From Net: NetName=VCC Pin=U3-10
Removed Pin From Net: NetName=NetR8_2 Pin=U3-11
Added Component: Designator=P4(HDR2X3)
Added Component: Designator=P5(Header2Macho)
Added Pin To Net: NetName=VCC Pin=P4-1
Added Pin To Net: NetName=GND Pin=P4-2
Added Pin To Net: NetName=VCC Pin=P4-3
Added Pin To Net: NetName=GND Pin=P4-4
Added Pin To Net: NetName=VCC Pin=P4-5
Added Pin To Net: NetName=GND Pin=P4-6
Added Pin To Net: NetName=CONTROL Pin=P5-1
Added Pin To Net: NetName=GND Pin=P5-2
Added Pin To Net: NetName=VCC Pin=U3-1
Added Pin To Net: NetName=NetD4_1 Pin=U3-5
Added Pin To Net: NetName=NetD4_1 Pin=U3-6
Added Pin To Net: NetName=NetR13_2 Pin=U3-11
Added Pin To Net: NetName=NetR8_2 Pin=U3-15
Added Pin To Net: NetName=NetD2_1 Pin=U3-16
Added Member To Class: ClassName=PowerAmplifier915MHz Member=Component P4 Header 3X2
Added Member To Class: ClassName=PowerAmplifier915MHz Member=Component P5 Header2
